This is pdfTeX, Version 3.14159265-2.6-1.40.19 (MiKTeX 2.9.6630 64-bit) (preloaded format=pdflatex 2018.6.3)  5 MAR 2019 11:00
entering extended mode
**./Informe.tex
(Informe.tex
LaTeX2e <2017-04-15>
Babel <3.18> and hyphenation patterns for 75 language(s) loaded.
(revcoles.cls
Document Class: revcoles 2009/04/22 v2.5 document class for multi authored arti
cle for REVCOLES journal, Symposium of statistic, projects of pregrade in stati
stic, and report in a course at the National University of Colombia
("C:\Users\sotom\AppData\Local\Programs\MiKTeX 2.9\tex\latex\base\fontenc.sty"
Package: fontenc 2017/04/05 v2.0i Standard LaTeX package

("C:\Users\sotom\AppData\Local\Programs\MiKTeX 2.9\tex\latex\base\t1enc.def"
File: t1enc.def 2017/04/05 v2.0i Standard LaTeX file
LaTeX Font Info:    Redeclaring font encoding T1 on input line 48.
))
("C:\Users\sotom\AppData\Local\Programs\MiKTeX 2.9\tex\latex\amsmath\amsmath.st
y"
Package: amsmath 2017/09/02 v2.17a AMS math features
\@mathmargin=\skip41

For additional information on amsmath, use the `?' option.

("C:\Users\sotom\AppData\Local\Programs\MiKTeX 2.9\tex\latex\amsmath\amstext.st
y"
Package: amstext 2000/06/29 v2.01 AMS text

("C:\Users\sotom\AppData\Local\Programs\MiKTeX 2.9\tex\latex\amsmath\amsgen.sty
"
File: amsgen.sty 1999/11/30 v2.0 generic functions
\@emptytoks=\toks14
\ex@=\dimen102
))
("C:\Users\sotom\AppData\Local\Programs\MiKTeX 2.9\tex\latex\amsmath\amsbsy.sty
"
Package: amsbsy 1999/11/29 v1.2d Bold Symbols
\pmbraise@=\dimen103
)
("C:\Users\sotom\AppData\Local\Programs\MiKTeX 2.9\tex\latex\amsmath\amsopn.sty
"
Package: amsopn 2016/03/08 v2.02 operator names
)
\inf@bad=\count79
LaTeX Info: Redefining \frac on input line 213.
\uproot@=\count80
\leftroot@=\count81
LaTeX Info: Redefining \overline on input line 375.
\classnum@=\count82
\DOTSCASE@=\count83
LaTeX Info: Redefining \ldots on input line 472.
LaTeX Info: Redefining \dots on input line 475.
LaTeX Info: Redefining \cdots on input line 596.
\Mathstrutbox@=\box26
\strutbox@=\box27
\big@size=\dimen104
LaTeX Font Info:    Redeclaring font encoding OML on input line 712.
LaTeX Font Info:    Redeclaring font encoding OMS on input line 713.
\macc@depth=\count84
\c@MaxMatrixCols=\count85
\dotsspace@=\muskip10
\c@parentequation=\count86
\dspbrk@lvl=\count87
\tag@help=\toks15
\row@=\count88
\column@=\count89
\maxfields@=\count90
\andhelp@=\toks16
\eqnshift@=\dimen105
\alignsep@=\dimen106
\tagshift@=\dimen107
\tagwidth@=\dimen108
\totwidth@=\dimen109
\lineht@=\dimen110
\@envbody=\toks17
\multlinegap=\skip42
\multlinetaggap=\skip43
\mathdisplay@stack=\toks18
LaTeX Info: Redefining \[ on input line 2817.
LaTeX Info: Redefining \] on input line 2818.
)
("C:\Users\sotom\AppData\Local\Programs\MiKTeX 2.9\tex\latex\amscls\amsthm.sty"
Package: amsthm 2017/10/31 v2.20.4
\thm@style=\toks19
\thm@bodyfont=\toks20
\thm@headfont=\toks21
\thm@notefont=\toks22
\thm@headpunct=\toks23
\thm@preskip=\skip44
\thm@postskip=\skip45
\thm@headsep=\skip46
\dth@everypar=\toks24
)
("C:\Users\sotom\AppData\Local\Programs\MiKTeX 2.9\tex\latex\amsfonts\amssymb.s
ty"
Package: amssymb 2013/01/14 v3.01 AMS font symbols

("C:\Users\sotom\AppData\Local\Programs\MiKTeX 2.9\tex\latex\amsfonts\amsfonts.
sty"
Package: amsfonts 2013/01/14 v3.01 Basic AMSFonts support
\symAMSa=\mathgroup4
\symAMSb=\mathgroup5
LaTeX Font Info:    Overwriting math alphabet `\mathfrak' in version `bold'
(Font)                  U/euf/m/n --> U/euf/b/n on input line 106.
))
("C:\Users\sotom\AppData\Local\Programs\MiKTeX 2.9\tex\latex\base\latexsym.sty"
Package: latexsym 1998/08/17 v2.2e Standard LaTeX package (lasy symbols)
\symlasy=\mathgroup6
LaTeX Font Info:    Overwriting symbol font `lasy' in version `bold'
(Font)                  U/lasy/m/n --> U/lasy/b/n on input line 52.
)
("C:\Users\sotom\AppData\Local\Programs\MiKTeX 2.9\tex\latex\tools\verbatim.sty
"
Package: verbatim 2014/10/28 v1.5q LaTeX2e package for verbatim enhancements
\every@verbatim=\toks25
\verbatim@line=\toks26
\verbatim@in@stream=\read1
)
("C:\Users\sotom\AppData\Local\Programs\MiKTeX 2.9\tex\latex\tools\enumerate.st
y"
Package: enumerate 2015/07/23 v3.00 enumerate extensions (DPC)
\@enLab=\toks27
) ("C:\Users\sotom\AppData\Local\Programs\MiKTeX 2.9\tex\latex\tools\array.sty"
Package: array 2016/10/06 v2.4d Tabular extension package (FMi)
\col@sep=\dimen111
\extrarowheight=\dimen112
\NC@list=\toks28
\extratabsurround=\skip47
\backup@length=\skip48
)
("C:\Users\sotom\AppData\Local\Programs\MiKTeX 2.9\tex\latex\tools\multicol.sty
"
Package: multicol 2017/04/11 v1.8q multicolumn formatting (FMi)
\c@tracingmulticols=\count91
\mult@box=\box28
\multicol@leftmargin=\dimen113
\c@unbalance=\count92
\c@collectmore=\count93
\doublecol@number=\count94
\multicoltolerance=\count95
\multicolpretolerance=\count96
\full@width=\dimen114
\page@free=\dimen115
\premulticols=\dimen116
\postmulticols=\dimen117
\multicolsep=\skip49
\multicolbaselineskip=\skip50
\partial@page=\box29
\last@line=\box30
\maxbalancingoverflow=\dimen118
\mult@rightbox=\box31
\mult@grightbox=\box32
\mult@gfirstbox=\box33
\mult@firstbox=\box34
\@tempa=\box35
\@tempa=\box36
\@tempa=\box37
\@tempa=\box38
\@tempa=\box39
\@tempa=\box40
\@tempa=\box41
\@tempa=\box42
\@tempa=\box43
\@tempa=\box44
\@tempa=\box45
\@tempa=\box46
\@tempa=\box47
\@tempa=\box48
\@tempa=\box49
\@tempa=\box50
\@tempa=\box51
\c@columnbadness=\count97
\c@finalcolumnbadness=\count98
\last@try=\dimen119
\multicolovershoot=\dimen120
\multicolundershoot=\dimen121
\mult@nat@firstbox=\box52
\colbreak@box=\box53
\mc@col@check@num=\count99
)
("C:\Users\sotom\AppData\Local\Programs\MiKTeX 2.9\tex\generic\oberdiek\ifpdf.s
ty"
Package: ifpdf 2017/03/15 v3.2 Provides the ifpdf switch
)
("C:\Users\sotom\AppData\Local\Programs\MiKTeX 2.9\tex\latex\graphics\graphicx.
sty"
Package: graphicx 2017/06/01 v1.1a Enhanced LaTeX Graphics (DPC,SPQR)

("C:\Users\sotom\AppData\Local\Programs\MiKTeX 2.9\tex\latex\graphics\keyval.st
y"
Package: keyval 2014/10/28 v1.15 key=value parser (DPC)
\KV@toks@=\toks29
)
("C:\Users\sotom\AppData\Local\Programs\MiKTeX 2.9\tex\latex\graphics\graphics.
sty"
Package: graphics 2017/06/25 v1.2c Standard LaTeX Graphics (DPC,SPQR)

("C:\Users\sotom\AppData\Local\Programs\MiKTeX 2.9\tex\latex\graphics\trig.sty"
Package: trig 2016/01/03 v1.10 sin cos tan (DPC)
)
("C:\Users\sotom\AppData\Local\Programs\MiKTeX 2.9\tex\latex\graphics-cfg\graph
ics.cfg"
File: graphics.cfg 2016/06/04 v1.11 sample graphics configuration
)
Package graphics Info: Driver file: pdftex.def on input line 99.

("C:\Users\sotom\AppData\Local\Programs\MiKTeX 2.9\tex\latex\graphics-def\pdfte
x.def"
File: pdftex.def 2018/01/08 v1.0l Graphics/color driver for pdftex
))
\Gin@req@height=\dimen122
\Gin@req@width=\dimen123
)
("C:\Users\sotom\AppData\Local\Programs\MiKTeX 2.9\tex\latex\graphics\color.sty
"
Package: color 2016/07/10 v1.1e Standard LaTeX Color (DPC)

("C:\Users\sotom\AppData\Local\Programs\MiKTeX 2.9\tex\latex\graphics-cfg\color
.cfg"
File: color.cfg 2016/01/02 v1.6 sample color configuration
)
Package color Info: Driver file: pdftex.def on input line 147.
)
\c@@symposium=\count100
\c@@instnumber=\count101
\c@@inst=\count102
\c@@last=\count103
\c@@author=\count104
\c@prop=\count105
\c@teor=\count106
\c@coro=\count107
\c@lema=\count108
\c@resu=\count109
\c@defi=\count110
\c@exam=\count111
\c@exams=\count112
\c@exer=\count113
\c@exers=\count114
\c@note=\count115
\c@nota=\count116
\c@obse=\count117
\c@cond=\count118

("C:\Users\sotom\AppData\Local\Programs\MiKTeX 2.9\tex\latex\base\size10.clo"
File: size10.clo 2014/09/29 v1.4h Standard LaTeX file (size option)
)
("C:\Users\sotom\AppData\Local\Programs\MiKTeX 2.9\tex\generic\babel\babel.sty"
Package: babel 2018/02/14 3.18 The Babel package
("C:\Users\sotom\AppData\Local\Programs\MiKTeX 2.9\tex\generic\babel\switch.def
"
File: switch.def 2018/02/14 3.18 Babel switching mechanism
)
*************************************
* Local config file bblopts.cfg used
*
("C:\Users\sotom\AppData\Local\Programs\MiKTeX 2.9\tex\latex\arabi\bblopts.cfg"
File: bblopts.cfg 2005/09/08 v0.1 add Arabic and Farsi to "declared" options of
 babel
)
("C:\Users\sotom\AppData\Local\Programs\MiKTeX 2.9\tex\latex\babel-spanish\span
ish.ldf"
Language: spanish.ldf 2016/03/03 v5.0p Spanish support from the babel system

("C:\Users\sotom\AppData\Local\Programs\MiKTeX 2.9\tex\generic\babel\babel.def"
File: babel.def 2018/02/14 3.18 Babel common definitions
\babel@savecnt=\count119
\U@D=\dimen124

("C:\Users\sotom\AppData\Local\Programs\MiKTeX 2.9\tex\generic\babel\txtbabel.d
ef")
\bbl@dirlevel=\count120
)
\es@quottoks=\toks30
\es@quotdepth=\count121
Package babel Info: Making " an active character on input line 561.
Package babel Info: Making . an active character on input line 662.
Package babel Info: Making < an active character on input line 707.
Package babel Info: Making > an active character on input line 707.
))
\c@section=\count122
\c@subsection=\count123
\c@subsubsection=\count124
\c@paragraph=\count125
\c@subparagraph=\count126
\c@figure=\count127
\c@table=\count128
\abovecaptionskip=\skip51
\belowcaptionskip=\skip52
\bibindent=\dimen125

("C:\Users\sotom\AppData\Local\Programs\MiKTeX 2.9\tex\latex\caption\caption.st
y"
Package: caption 2018/05/01 v3.3-147 Customizing captions (AR)

("C:\Users\sotom\AppData\Local\Programs\MiKTeX 2.9\tex\latex\caption\caption3.s
ty"
Package: caption3 2018/05/27 v1.8a caption3 kernel (AR)
Package caption3 Info: TeX engine: e-TeX on input line 64.
\captionmargin=\dimen126
\captionmargin@=\dimen127
\captionwidth=\dimen128
\caption@tempdima=\dimen129
\caption@indent=\dimen130
\caption@parindent=\dimen131
\caption@hangindent=\dimen132
)
\c@ContinuedFloat=\count129
)
("C:\Users\sotom\AppData\Local\Programs\MiKTeX 2.9\tex\latex\harvard\harvard.st
y"
Package: harvard 
 ("C:\Users\sotom\AppData\Local\Programs\MiKTeX 2.9\tex\latex\base\ifthen.sty"
Package: ifthen 2014/09/29 v1.1c Standard LaTeX ifthen package (DPC)
)))
("C:\Users\sotom\AppData\Local\Programs\MiKTeX 2.9\tex\latex\float\float.sty"
Package: float 2001/11/08 v1.3d Float enhancements (AL)
\c@float@type=\count130
\float@exts=\toks31
\float@box=\box54
\@float@everytoks=\toks32
\@floatcapt=\box55
)
("C:\Users\sotom\AppData\Local\Programs\MiKTeX 2.9\tex\latex\base\inputenc.sty"
Package: inputenc 2015/03/17 v1.2c Input encoding file
\inpenc@prehook=\toks33
\inpenc@posthook=\toks34
("C:\Users\sotom\AppData\Local\Programs\MiKTeX 2.9\tex\latex\base\latin1.def"
File: latin1.def 2015/03/17 v1.2c Input encoding file
))
("C:\Users\sotom\AppData\Local\Programs\MiKTeX 2.9\tex\latex\geometry\geometry.
sty"
Package: geometry 2010/09/12 v5.6 Page Geometry

("C:\Users\sotom\AppData\Local\Programs\MiKTeX 2.9\tex\generic\oberdiek\ifvtex.
sty"
Package: ifvtex 2016/05/16 v1.6 Detect VTeX and its facilities (HO)
Package ifvtex Info: VTeX not detected.
)
("C:\Users\sotom\AppData\Local\Programs\MiKTeX 2.9\tex\generic\ifxetex\ifxetex.
sty"
Package: ifxetex 2010/09/12 v0.6 Provides ifxetex conditional
)
\Gm@cnth=\count131
\Gm@cntv=\count132
\c@Gm@tempcnt=\count133
\Gm@bindingoffset=\dimen133
\Gm@wd@mp=\dimen134
\Gm@odd@mp=\dimen135
\Gm@even@mp=\dimen136
\Gm@layoutwidth=\dimen137
\Gm@layoutheight=\dimen138
\Gm@layouthoffset=\dimen139
\Gm@layoutvoffset=\dimen140
\Gm@dimlist=\toks35

("C:\Users\sotom\AppData\Local\Programs\MiKTeX 2.9\tex\latex\geometry\geometry.
cfg")) (Informe.aux
LaTeX Info: Redefining \. on input line 6.
LaTeX Info: Redefining \% on input line 6.
)
\openout1 = `Informe.aux'.

LaTeX Font Info:    Checking defaults for OML/cmm/m/it on input line 42.
LaTeX Font Info:    ... okay on input line 42.
LaTeX Font Info:    Checking defaults for T1/cmr/m/n on input line 42.
LaTeX Font Info:    ... okay on input line 42.
LaTeX Font Info:    Checking defaults for OT1/cmr/m/n on input line 42.
LaTeX Font Info:    ... okay on input line 42.
LaTeX Font Info:    Checking defaults for OMS/cmsy/m/n on input line 42.
LaTeX Font Info:    ... okay on input line 42.
LaTeX Font Info:    Checking defaults for OMX/cmex/m/n on input line 42.
LaTeX Font Info:    ... okay on input line 42.
LaTeX Font Info:    Checking defaults for U/cmr/m/n on input line 42.
LaTeX Font Info:    ... okay on input line 42.

("C:\Users\sotom\AppData\Local\Programs\MiKTeX 2.9\tex\context\base\supp-pdf.mk
ii"
[Loading MPS to PDF converter (version 2006.09.02).]
\scratchcounter=\count134
\scratchdimen=\dimen141
\scratchbox=\box56
\nofMPsegments=\count135
\nofMParguments=\count136
\everyMPshowfont=\toks36
\MPscratchCnt=\count137
\MPscratchDim=\dimen142
\MPnumerator=\count138
\makeMPintoPDFobject=\count139
\everyMPtoPDFconversion=\toks37
)
("C:\Users\sotom\AppData\Local\Programs\MiKTeX 2.9\tex\latex\oberdiek\epstopdf-
base.sty"
Package: epstopdf-base 2016/05/15 v2.6 Base part for package epstopdf

("C:\Users\sotom\AppData\Local\Programs\MiKTeX 2.9\tex\generic\oberdiek\infware
rr.sty"
Package: infwarerr 2016/05/16 v1.4 Providing info/warning/error messages (HO)
)
("C:\Users\sotom\AppData\Local\Programs\MiKTeX 2.9\tex\latex\oberdiek\grfext.st
y"
Package: grfext 2016/05/16 v1.2 Manage graphics extensions (HO)

("C:\Users\sotom\AppData\Local\Programs\MiKTeX 2.9\tex\generic\oberdiek\kvdefin
ekeys.sty"
Package: kvdefinekeys 2016/05/16 v1.4 Define keys (HO)

("C:\Users\sotom\AppData\Local\Programs\MiKTeX 2.9\tex\generic\oberdiek\ltxcmds
.sty"
Package: ltxcmds 2016/05/16 v1.23 LaTeX kernel commands for general use (HO)
)))
("C:\Users\sotom\AppData\Local\Programs\MiKTeX 2.9\tex\latex\oberdiek\kvoptions
.sty"
Package: kvoptions 2016/05/16 v3.12 Key value format for package options (HO)

("C:\Users\sotom\AppData\Local\Programs\MiKTeX 2.9\tex\generic\oberdiek\kvsetke
ys.sty"
Package: kvsetkeys 2016/05/16 v1.17 Key value parser (HO)

("C:\Users\sotom\AppData\Local\Programs\MiKTeX 2.9\tex\generic\oberdiek\etexcmd
s.sty"
Package: etexcmds 2016/05/16 v1.6 Avoid name clashes with e-TeX commands (HO)

("C:\Users\sotom\AppData\Local\Programs\MiKTeX 2.9\tex\generic\oberdiek\ifluate
x.sty"
Package: ifluatex 2016/05/16 v1.4 Provides the ifluatex switch (HO)
Package ifluatex Info: LuaTeX not detected.
)
Package etexcmds Info: Could not find \expanded.
(etexcmds)             That can mean that you are not using pdfTeX 1.50 or
(etexcmds)             that some package has redefined \expanded.
(etexcmds)             In the latter case, load this package earlier.
)))
("C:\Users\sotom\AppData\Local\Programs\MiKTeX 2.9\tex\generic\oberdiek\pdftexc
mds.sty"
Package: pdftexcmds 2018/01/21 v0.26 Utility functions of pdfTeX for LuaTeX (HO
)
Package pdftexcmds Info: LuaTeX not detected.
Package pdftexcmds Info: \pdf@primitive is available.
Package pdftexcmds Info: \pdf@ifprimitive is available.
Package pdftexcmds Info: \pdfdraftmode found.
)
Package epstopdf-base Info: Redefining graphics rule for `.eps' on input line 4
38.
Package grfext Info: Graphics extension search list:
(grfext)             [.pdf,.png,.jpg,.eps]
(grfext)             \AppendGraphicsExtensions on input line 456.
)
LaTeX Info: Redefining \. on input line 42.
LaTeX Info: Redefining \% on input line 42.
Package caption Info: Begin \AtBeginDocument code.
Package caption Info: float package is loaded.
Package caption Info: End \AtBeginDocument code.

*geometry* driver: auto-detecting
*geometry* detected driver: pdftex
*geometry* verbose mode - [ preamble ] result:
* driver: pdftex
* paper: <default>
* layout: <same size as paper>
* layoutoffset:(h,v)=(0.0pt,0.0pt)
* modes: 
* h-part:(L,W,R)=(28.45274pt, 557.38951pt, 28.45274pt)
* v-part:(T,H,B)=(56.9055pt, 709.61174pt, 28.45274pt)
* \paperwidth=614.295pt
* \paperheight=794.96999pt
* \textwidth=557.38951pt
* \textheight=709.61174pt
* \oddsidemargin=-43.81725pt
* \evensidemargin=-43.81725pt
* \topmargin=-44.43613pt
* \headheight=12.0pt
* \headsep=17.07164pt
* \topskip=10.0pt
* \footskip=30.0pt
* \marginparwidth=5.69054pt
* \marginparsep=11.0pt
* \columnsep=10.0pt
* \skip\footins=9.0pt plus 4.0pt minus 2.0pt
* \hoffset=0.0pt
* \voffset=-15.36446pt
* \mag=1000
* \@twocolumnfalse
* \@twosidefalse
* \@mparswitchfalse
* \@reversemarginfalse
* (1in=72.27pt=25.4mm, 1cm=28.453pt)

LaTeX Font Info:    Try loading font information for U+msa on input line 53.
("C:\Users\sotom\AppData\Local\Programs\MiKTeX 2.9\tex\latex\amsfonts\umsa.fd"
File: umsa.fd 2013/01/14 v3.01 AMS symbols A
)
LaTeX Font Info:    Try loading font information for U+msb on input line 53.
("C:\Users\sotom\AppData\Local\Programs\MiKTeX 2.9\tex\latex\amsfonts\umsb.fd"
File: umsb.fd 2013/01/14 v3.01 AMS symbols B
)
LaTeX Font Info:    Try loading font information for U+lasy on input line 53.
("C:\Users\sotom\AppData\Local\Programs\MiKTeX 2.9\tex\latex\base\ulasy.fd"
File: ulasy.fd 1998/08/17 v2.2e LaTeX symbol font definitions
)

LaTeX Warning: Characters dropped after `\end{comment}' on input line 132.

[1

{C:/Users/sotom/AppData/Local/MiKTeX/2.9/pdftex/config/pdftex.map}]
<FigurasUV/D1.pdf, id=14, 1027.84pt x 545.03625pt>
File: FigurasUV/D1.pdf Graphic file (type pdf)
<use FigurasUV/D1.pdf>
Package pdftex.def Info: FigurasUV/D1.pdf  used on input line 188.
(pdftex.def)             Requested size: 359.74939pt x 190.76555pt.
<FigurasUV/N1.pdf, id=15, 1027.84pt x 545.03625pt>
File: FigurasUV/N1.pdf Graphic file (type pdf)
<use FigurasUV/N1.pdf>
Package pdftex.def Info: FigurasUV/N1.pdf  used on input line 224.
(pdftex.def)             Requested size: 359.74939pt x 190.76555pt.


LaTeX Warning: `!h' float specifier changed to `!ht'.

[2 <./FigurasUV/D1.pdf>]
<FigurasUV/H1.pdf, id=31, 1027.84pt x 545.03625pt>
File: FigurasUV/H1.pdf Graphic file (type pdf)
<use FigurasUV/H1.pdf>
Package pdftex.def Info: FigurasUV/H1.pdf  used on input line 244.
(pdftex.def)             Requested size: 359.74939pt x 190.76555pt.
 [3 <./FigurasUV/N1.pdf> <./FigurasUV/H1.pdf>] [4]
[5]
<FigurasUV/D2.pdf, id=51, 1027.84pt x 545.03625pt>
File: FigurasUV/D2.pdf Graphic file (type pdf)
<use FigurasUV/D2.pdf>
Package pdftex.def Info: FigurasUV/D2.pdf  used on input line 372.
(pdftex.def)             Requested size: 411.12872pt x 218.01064pt.
 [6 <./FigurasUV/D2.pdf>]
<FigurasUV/N2.pdf, id=59, 1027.84pt x 545.03625pt>
File: FigurasUV/N2.pdf Graphic file (type pdf)
<use FigurasUV/N2.pdf>
Package pdftex.def Info: FigurasUV/N2.pdf  used on input line 408.
(pdftex.def)             Requested size: 359.74939pt x 190.76555pt.
 [7 <./FigurasUV/N2.pdf>]
<FigurasUV/H2.pdf, id=69, 1027.84pt x 545.03625pt>
File: FigurasUV/H2.pdf Graphic file (type pdf)
<use FigurasUV/H2.pdf>
Package pdftex.def Info: FigurasUV/H2.pdf  used on input line 428.
(pdftex.def)             Requested size: 359.74939pt x 190.76555pt.
 [8 <./FigurasUV/H2.pdf>]
[9] [10]
<FigurasUV/imagen1.png, id=84, 791.95876pt x 274.02374pt>
File: FigurasUV/imagen1.png Graphic file (type png)
<use FigurasUV/imagen1.png>
Package pdftex.def Info: FigurasUV/imagen1.png  used on input line 572.
(pdftex.def)             Requested size: 395.97841pt x 137.01154pt.
<FigurasUV/imagen2.png, id=85, 866.48718pt x 311.66437pt>
File: FigurasUV/imagen2.png Graphic file (type png)
<use FigurasUV/imagen2.png>
Package pdftex.def Info: FigurasUV/imagen2.png  used on input line 613.
(pdftex.def)             Requested size: 303.27505pt x 109.08415pt.
<FigurasUV/imagen3.png, id=86, 810.77907pt x 325.215pt>
File: FigurasUV/imagen3.png Graphic file (type png)
<use FigurasUV/imagen3.png>
Package pdftex.def Info: FigurasUV/imagen3.png  used on input line 617.
(pdftex.def)             Requested size: 283.77693pt x 113.82695pt.


LaTeX Warning: `!h' float specifier changed to `!ht'.


LaTeX Warning: `!h' float specifier changed to `!ht'.

[11 <./FigurasUV/imagen1.png>] [12 <./FigurasUV/imagen2.png> <./FigurasUV/image
n3.png>]
No file Informe.bbl.
[13] (Informe.aux
LaTeX Info: Redefining \. on input line 6.
LaTeX Info: Redefining \% on input line 6.
) ) 
Here is how much of TeX's memory you used:
 5947 strings out of 493305
 86420 string characters out of 3129803
 168041 words of memory out of 3000000
 9354 multiletter control sequences out of 15000+200000
 18900 words of font info for 57 fonts, out of 3000000 for 9000
 1145 hyphenation exceptions out of 8191
 43i,8n,40p,965b,376s stack positions out of 5000i,500n,10000p,200000b,50000s
 <C:\Users\sotom\AppData\Local\MiKTeX\2.9\fonts\pk\ljfour\jknappen\ec\dpi600
\ecti0900.pk> <C:\Users\sotom\AppData\Local\MiKTeX\2.9\fonts\pk\ljfour\jknappen
\ec\dpi600\ecrm0800.pk> <C:\Users\sotom\AppData\Local\MiKTeX\2.9\fonts\pk\ljfou
r\jknappen\ec\dpi600\ecrm0600.pk> <C:\Users\sotom\AppData\Local\MiKTeX\2.9\font
s\pk\ljfour\jknappen\ec\dpi600\ecbx1000.pk> <C:\Users\sotom\AppData\Local\MiKTe
X\2.9\fonts\pk\ljfour\jknappen\ec\dpi600\ecrm1000.pk> <C:\Users\sotom\AppData\L
ocal\MiKTeX\2.9\fonts\pk\ljfour\jknappen\ec\dpi600\ecrm0700.pk> <C:\Users\sotom
\AppData\Local\MiKTeX\2.9\fonts\pk\ljfour\jknappen\ec\dpi600\eccc1000.pk> <C:\U
sers\sotom\AppData\Local\MiKTeX\2.9\fonts\pk\ljfour\jknappen\ec\dpi600\ecbx1440
.pk> <C:\Users\sotom\AppData\Local\MiKTeX\2.9\fonts\pk\ljfour\jknappen\ec\dpi60
0\ecrm0900.pk> <C:\Users\sotom\AppData\Local\MiKTeX\2.9\fonts\pk\ljfour\jknappe
n\ec\dpi600\ecbx0900.pk><C:/Users/sotom/AppData/Local/Programs/MiKTeX 2.9/fonts
/type1/public/amsfonts/cm/cmmi10.pfb><C:/Users/sotom/AppData/Local/Programs/MiK
TeX 2.9/fonts/type1/public/amsfonts/cm/cmmi7.pfb><C:/Users/sotom/AppData/Local/
Programs/MiKTeX 2.9/fonts/type1/public/amsfonts/cm/cmr10.pfb><C:/Users/sotom/Ap
pData/Local/Programs/MiKTeX 2.9/fonts/type1/public/amsfonts/cm/cmr7.pfb><C:/Use
rs/sotom/AppData/Local/Programs/MiKTeX 2.9/fonts/type1/public/amsfonts/cm/cmsy1
0.pfb><C:/Users/sotom/AppData/Local/Programs/MiKTeX 2.9/fonts/type1/public/amsf
onts/cm/cmsy5.pfb><C:/Users/sotom/AppData/Local/Programs/MiKTeX 2.9/fonts/type1
/public/amsfonts/cm/cmsy7.pfb>
Output written on Informe.pdf (13 pages, 218591 bytes).
PDF statistics:
 382 PDF objects out of 1000 (max. 8388607)
 0 named destinations out of 1000 (max. 500000)
 46 words of extra memory for PDF output out of 10000 (max. 10000000)

